C:\USERS\ASUS A450LCI5 64\DOCUMENTS\VISUAL STUDIO 2012\PROJECTS\LPR2\LPR2\X64\DEBUG\LPR2.PCH
C:\USERS\ASUS A450LCI5 64\DOCUMENTS\VISUAL STUDIO 2012\PROJECTS\LPR2\LPR2\X64\DEBUG\STDAFX.OBJ
C:\USERS\ASUS A450LCI5 64\DOCUMENTS\VISUAL STUDIO 2012\PROJECTS\LPR2\LPR2\X64\DEBUG\VC110.PDB
C:\USERS\ASUS A450LCI5 64\DOCUMENTS\VISUAL STUDIO 2012\PROJECTS\LPR2\LPR2\X64\DEBUG\LPR2.OBJ
C:\USERS\ASUS A450LCI5 64\DOCUMENTS\VISUAL STUDIO 2012\PROJECTS\LPR2\X64\DEBUG\LPR2.ILK
C:\USERS\ASUS A450LCI5 64\DOCUMENTS\VISUAL STUDIO 2012\PROJECTS\LPR2\X64\DEBUG\LPR2.EXE
C:\USERS\ASUS A450LCI5 64\DOCUMENTS\VISUAL STUDIO 2012\PROJECTS\LPR2\X64\DEBUG\LPR2.PDB
C:\Users\ASUS A450LCI5 64\Documents\Visual Studio 2012\Projects\LPR2\LPR2\x64\Debug\LPR2.obj
C:\Users\ASUS A450LCI5 64\Documents\Visual Studio 2012\Projects\LPR2\LPR2\x64\Debug\stdafx.obj
C:\Users\ASUS A450LCI5 64\Documents\Visual Studio 2012\Projects\LPR2\LPR2\x64\Debug\cl.command.1.tlog
C:\Users\ASUS A450LCI5 64\Documents\Visual Studio 2012\Projects\LPR2\LPR2\x64\Debug\CL.read.1.tlog
C:\Users\ASUS A450LCI5 64\Documents\Visual Studio 2012\Projects\LPR2\LPR2\x64\Debug\CL.write.1.tlog
C:\Users\ASUS A450LCI5 64\Documents\Visual Studio 2012\Projects\LPR2\LPR2\x64\Debug\link-cvtres.read.1.tlog
C:\Users\ASUS A450LCI5 64\Documents\Visual Studio 2012\Projects\LPR2\LPR2\x64\Debug\link-cvtres.write.1.tlog
C:\Users\ASUS A450LCI5 64\Documents\Visual Studio 2012\Projects\LPR2\LPR2\x64\Debug\link-rc.read.1.tlog
C:\Users\ASUS A450LCI5 64\Documents\Visual Studio 2012\Projects\LPR2\LPR2\x64\Debug\link-rc.write.1.tlog
C:\Users\ASUS A450LCI5 64\Documents\Visual Studio 2012\Projects\LPR2\LPR2\x64\Debug\link.command.1.tlog
C:\Users\ASUS A450LCI5 64\Documents\Visual Studio 2012\Projects\LPR2\LPR2\x64\Debug\link.read.1.tlog
C:\Users\ASUS A450LCI5 64\Documents\Visual Studio 2012\Projects\LPR2\LPR2\x64\Debug\link.write.1.tlog
C:\Users\ASUS A450LCI5 64\Documents\Visual Studio 2012\Projects\LPR2\LPR2\x64\Debug\LPR2.pch
C:\Users\ASUS A450LCI5 64\Documents\Visual Studio 2012\Projects\LPR2\LPR2\x64\Debug\vc110.idb
C:\Users\ASUS A450LCI5 64\Documents\Visual Studio 2012\Projects\LPR2\LPR2\x64\Debug\vc110.pdb
C:\Users\ASUS A450LCI5 64\Documents\Visual Studio 2012\Projects\LPR2\x64\Debug\LPR2.pdb
C:\Users\ASUS A450LCI5 64\Documents\Visual Studio 2012\Projects\LPR2\x64\Debug\LPR2.exe
C:\Users\ASUS A450LCI5 64\Documents\Visual Studio 2012\Projects\LPR2\x64\Debug\LPR2.ilk
