C:\USERS\ASUS A450LCI5 64\DOCUMENTS\VISUAL STUDIO 2012\PROJECTS\LPR2\LPR2\X64\DEBUG\LPR2.PCH
C:\USERS\ASUS A450LCI5 64\DOCUMENTS\VISUAL STUDIO 2012\PROJECTS\LPR2\LPR2\X64\DEBUG\STDAFX.OBJ
C:\USERS\ASUS A450LCI5 64\DOCUMENTS\VISUAL STUDIO 2012\PROJECTS\LPR2\LPR2\X64\DEBUG\VC110.PDB
C:\USERS\ASUS A450LCI5 64\DOCUMENTS\VISUAL STUDIO 2012\PROJECTS\LPR2\LPR2\X64\DEBUG\PLATERECOGNITION.PCH
C:\USERS\ASUS A450LCI5 64\DOCUMENTS\VISUAL STUDIO 2012\PROJECTS\LPR2\LPR2\X64\DEBUG\LPR2.OBJ
C:\USERS\ASUS A450LCI5 64\DOCUMENTS\VISUAL STUDIO 2012\PROJECTS\LPR2\LPR2\X64\DEBUG\TEST.OBJ
C:\USERS\ASUS A450LCI5 64\DOCUMENTS\VISUAL STUDIO 2012\PROJECTS\LPR2\LPR2\X64\DEBUG\TEST2.OBJ
C:\USERS\ASUS A450LCI5 64\DOCUMENTS\VISUAL STUDIO 2012\PROJECTS\LPR2\LPR2\X64\DEBUG\LPR.OBJ
C:\USERS\ASUS A450LCI5 64\DOCUMENTS\VISUAL STUDIO 2012\PROJECTS\LPR2\X64\DEBUG\LPR2.ILK
C:\USERS\ASUS A450LCI5 64\DOCUMENTS\VISUAL STUDIO 2012\PROJECTS\LPR2\X64\DEBUG\LPR2.EXE
C:\USERS\ASUS A450LCI5 64\DOCUMENTS\VISUAL STUDIO 2012\PROJECTS\LPR2\X64\DEBUG\LPR2.PDB
C:\USERS\ASUS A450LCI5 64\DOCUMENTS\VISUAL STUDIO 2012\PROJECTS\LPR2\X64\DEBUG\PLATERECOGNITION.ILK
C:\USERS\ASUS A450LCI5 64\DOCUMENTS\VISUAL STUDIO 2012\PROJECTS\LPR2\X64\DEBUG\PLATERECOGNITION.EXE
C:\USERS\ASUS A450LCI5 64\DOCUMENTS\VISUAL STUDIO 2012\PROJECTS\LPR2\X64\DEBUG\PLATERECOGNITION.PDB
C:\Users\ASUS A450LCI5 64\Documents\Visual Studio 2012\Projects\LPR2\LPR2\x64\Debug\LPR.obj
C:\Users\ASUS A450LCI5 64\Documents\Visual Studio 2012\Projects\LPR2\LPR2\x64\Debug\LPR2.obj
C:\Users\ASUS A450LCI5 64\Documents\Visual Studio 2012\Projects\LPR2\LPR2\x64\Debug\stdafx.obj
C:\Users\ASUS A450LCI5 64\Documents\Visual Studio 2012\Projects\LPR2\LPR2\x64\Debug\test.obj
C:\Users\ASUS A450LCI5 64\Documents\Visual Studio 2012\Projects\LPR2\LPR2\x64\Debug\test2.obj
C:\Users\ASUS A450LCI5 64\Documents\Visual Studio 2012\Projects\LPR2\LPR2\x64\Debug\cl.command.1.tlog
C:\Users\ASUS A450LCI5 64\Documents\Visual Studio 2012\Projects\LPR2\LPR2\x64\Debug\CL.read.1.tlog
C:\Users\ASUS A450LCI5 64\Documents\Visual Studio 2012\Projects\LPR2\LPR2\x64\Debug\CL.write.1.tlog
C:\Users\ASUS A450LCI5 64\Documents\Visual Studio 2012\Projects\LPR2\LPR2\x64\Debug\link-cvtres.read.1.tlog
C:\Users\ASUS A450LCI5 64\Documents\Visual Studio 2012\Projects\LPR2\LPR2\x64\Debug\link-cvtres.write.1.tlog
C:\Users\ASUS A450LCI5 64\Documents\Visual Studio 2012\Projects\LPR2\LPR2\x64\Debug\link-rc.read.1.tlog
C:\Users\ASUS A450LCI5 64\Documents\Visual Studio 2012\Projects\LPR2\LPR2\x64\Debug\link-rc.write.1.tlog
C:\Users\ASUS A450LCI5 64\Documents\Visual Studio 2012\Projects\LPR2\LPR2\x64\Debug\link.1016-cvtres.read.1.tlog
C:\Users\ASUS A450LCI5 64\Documents\Visual Studio 2012\Projects\LPR2\LPR2\x64\Debug\link.1016-cvtres.write.1.tlog
C:\Users\ASUS A450LCI5 64\Documents\Visual Studio 2012\Projects\LPR2\LPR2\x64\Debug\link.1016-rc.read.1.tlog
C:\Users\ASUS A450LCI5 64\Documents\Visual Studio 2012\Projects\LPR2\LPR2\x64\Debug\link.1016-rc.write.1.tlog
C:\Users\ASUS A450LCI5 64\Documents\Visual Studio 2012\Projects\LPR2\LPR2\x64\Debug\link.1016.read.1.tlog
C:\Users\ASUS A450LCI5 64\Documents\Visual Studio 2012\Projects\LPR2\LPR2\x64\Debug\link.1016.write.1.tlog
C:\Users\ASUS A450LCI5 64\Documents\Visual Studio 2012\Projects\LPR2\LPR2\x64\Debug\link.3468-cvtres.read.1.tlog
C:\Users\ASUS A450LCI5 64\Documents\Visual Studio 2012\Projects\LPR2\LPR2\x64\Debug\link.3468-cvtres.write.1.tlog
C:\Users\ASUS A450LCI5 64\Documents\Visual Studio 2012\Projects\LPR2\LPR2\x64\Debug\link.3468-rc.read.1.tlog
C:\Users\ASUS A450LCI5 64\Documents\Visual Studio 2012\Projects\LPR2\LPR2\x64\Debug\link.3468-rc.write.1.tlog
C:\Users\ASUS A450LCI5 64\Documents\Visual Studio 2012\Projects\LPR2\LPR2\x64\Debug\link.3468.read.1.tlog
C:\Users\ASUS A450LCI5 64\Documents\Visual Studio 2012\Projects\LPR2\LPR2\x64\Debug\link.3468.write.1.tlog
C:\Users\ASUS A450LCI5 64\Documents\Visual Studio 2012\Projects\LPR2\LPR2\x64\Debug\link.3684-cvtres.read.1.tlog
C:\Users\ASUS A450LCI5 64\Documents\Visual Studio 2012\Projects\LPR2\LPR2\x64\Debug\link.3684-cvtres.write.1.tlog
C:\Users\ASUS A450LCI5 64\Documents\Visual Studio 2012\Projects\LPR2\LPR2\x64\Debug\link.3684-rc.read.1.tlog
C:\Users\ASUS A450LCI5 64\Documents\Visual Studio 2012\Projects\LPR2\LPR2\x64\Debug\link.3684-rc.write.1.tlog
C:\Users\ASUS A450LCI5 64\Documents\Visual Studio 2012\Projects\LPR2\LPR2\x64\Debug\link.3684.read.1.tlog
C:\Users\ASUS A450LCI5 64\Documents\Visual Studio 2012\Projects\LPR2\LPR2\x64\Debug\link.3684.write.1.tlog
C:\Users\ASUS A450LCI5 64\Documents\Visual Studio 2012\Projects\LPR2\LPR2\x64\Debug\link.3704-cvtres.read.1.tlog
C:\Users\ASUS A450LCI5 64\Documents\Visual Studio 2012\Projects\LPR2\LPR2\x64\Debug\link.3704-cvtres.write.1.tlog
C:\Users\ASUS A450LCI5 64\Documents\Visual Studio 2012\Projects\LPR2\LPR2\x64\Debug\link.3704-rc.read.1.tlog
C:\Users\ASUS A450LCI5 64\Documents\Visual Studio 2012\Projects\LPR2\LPR2\x64\Debug\link.3704-rc.write.1.tlog
C:\Users\ASUS A450LCI5 64\Documents\Visual Studio 2012\Projects\LPR2\LPR2\x64\Debug\link.3704.read.1.tlog
C:\Users\ASUS A450LCI5 64\Documents\Visual Studio 2012\Projects\LPR2\LPR2\x64\Debug\link.3704.write.1.tlog
C:\Users\ASUS A450LCI5 64\Documents\Visual Studio 2012\Projects\LPR2\LPR2\x64\Debug\link.3904-cvtres.read.1.tlog
C:\Users\ASUS A450LCI5 64\Documents\Visual Studio 2012\Projects\LPR2\LPR2\x64\Debug\link.3904-cvtres.write.1.tlog
C:\Users\ASUS A450LCI5 64\Documents\Visual Studio 2012\Projects\LPR2\LPR2\x64\Debug\link.3904-rc.read.1.tlog
C:\Users\ASUS A450LCI5 64\Documents\Visual Studio 2012\Projects\LPR2\LPR2\x64\Debug\link.3904-rc.write.1.tlog
C:\Users\ASUS A450LCI5 64\Documents\Visual Studio 2012\Projects\LPR2\LPR2\x64\Debug\link.3904.read.1.tlog
C:\Users\ASUS A450LCI5 64\Documents\Visual Studio 2012\Projects\LPR2\LPR2\x64\Debug\link.3904.write.1.tlog
C:\Users\ASUS A450LCI5 64\Documents\Visual Studio 2012\Projects\LPR2\LPR2\x64\Debug\link.4360-cvtres.read.1.tlog
C:\Users\ASUS A450LCI5 64\Documents\Visual Studio 2012\Projects\LPR2\LPR2\x64\Debug\link.4360-cvtres.write.1.tlog
C:\Users\ASUS A450LCI5 64\Documents\Visual Studio 2012\Projects\LPR2\LPR2\x64\Debug\link.4360-rc.read.1.tlog
C:\Users\ASUS A450LCI5 64\Documents\Visual Studio 2012\Projects\LPR2\LPR2\x64\Debug\link.4360-rc.write.1.tlog
C:\Users\ASUS A450LCI5 64\Documents\Visual Studio 2012\Projects\LPR2\LPR2\x64\Debug\link.4360.read.1.tlog
C:\Users\ASUS A450LCI5 64\Documents\Visual Studio 2012\Projects\LPR2\LPR2\x64\Debug\link.4360.write.1.tlog
C:\Users\ASUS A450LCI5 64\Documents\Visual Studio 2012\Projects\LPR2\LPR2\x64\Debug\link.5908-cvtres.read.1.tlog
C:\Users\ASUS A450LCI5 64\Documents\Visual Studio 2012\Projects\LPR2\LPR2\x64\Debug\link.5908-cvtres.write.1.tlog
C:\Users\ASUS A450LCI5 64\Documents\Visual Studio 2012\Projects\LPR2\LPR2\x64\Debug\link.5908-rc.read.1.tlog
C:\Users\ASUS A450LCI5 64\Documents\Visual Studio 2012\Projects\LPR2\LPR2\x64\Debug\link.5908-rc.write.1.tlog
C:\Users\ASUS A450LCI5 64\Documents\Visual Studio 2012\Projects\LPR2\LPR2\x64\Debug\link.5908.read.1.tlog
C:\Users\ASUS A450LCI5 64\Documents\Visual Studio 2012\Projects\LPR2\LPR2\x64\Debug\link.5908.write.1.tlog
C:\Users\ASUS A450LCI5 64\Documents\Visual Studio 2012\Projects\LPR2\LPR2\x64\Debug\link.6396-cvtres.read.1.tlog
C:\Users\ASUS A450LCI5 64\Documents\Visual Studio 2012\Projects\LPR2\LPR2\x64\Debug\link.6396-cvtres.write.1.tlog
C:\Users\ASUS A450LCI5 64\Documents\Visual Studio 2012\Projects\LPR2\LPR2\x64\Debug\link.6396-rc.read.1.tlog
C:\Users\ASUS A450LCI5 64\Documents\Visual Studio 2012\Projects\LPR2\LPR2\x64\Debug\link.6396-rc.write.1.tlog
C:\Users\ASUS A450LCI5 64\Documents\Visual Studio 2012\Projects\LPR2\LPR2\x64\Debug\link.6396.read.1.tlog
C:\Users\ASUS A450LCI5 64\Documents\Visual Studio 2012\Projects\LPR2\LPR2\x64\Debug\link.6396.write.1.tlog
C:\Users\ASUS A450LCI5 64\Documents\Visual Studio 2012\Projects\LPR2\LPR2\x64\Debug\link.6740-cvtres.read.1.tlog
C:\Users\ASUS A450LCI5 64\Documents\Visual Studio 2012\Projects\LPR2\LPR2\x64\Debug\link.6740-cvtres.write.1.tlog
C:\Users\ASUS A450LCI5 64\Documents\Visual Studio 2012\Projects\LPR2\LPR2\x64\Debug\link.6740-rc.read.1.tlog
C:\Users\ASUS A450LCI5 64\Documents\Visual Studio 2012\Projects\LPR2\LPR2\x64\Debug\link.6740-rc.write.1.tlog
C:\Users\ASUS A450LCI5 64\Documents\Visual Studio 2012\Projects\LPR2\LPR2\x64\Debug\link.6740.read.1.tlog
C:\Users\ASUS A450LCI5 64\Documents\Visual Studio 2012\Projects\LPR2\LPR2\x64\Debug\link.6740.write.1.tlog
C:\Users\ASUS A450LCI5 64\Documents\Visual Studio 2012\Projects\LPR2\LPR2\x64\Debug\link.6824-cvtres.read.1.tlog
C:\Users\ASUS A450LCI5 64\Documents\Visual Studio 2012\Projects\LPR2\LPR2\x64\Debug\link.6824-cvtres.write.1.tlog
C:\Users\ASUS A450LCI5 64\Documents\Visual Studio 2012\Projects\LPR2\LPR2\x64\Debug\link.6824-rc.read.1.tlog
C:\Users\ASUS A450LCI5 64\Documents\Visual Studio 2012\Projects\LPR2\LPR2\x64\Debug\link.6824-rc.write.1.tlog
C:\Users\ASUS A450LCI5 64\Documents\Visual Studio 2012\Projects\LPR2\LPR2\x64\Debug\link.6824.read.1.tlog
C:\Users\ASUS A450LCI5 64\Documents\Visual Studio 2012\Projects\LPR2\LPR2\x64\Debug\link.6824.write.1.tlog
C:\Users\ASUS A450LCI5 64\Documents\Visual Studio 2012\Projects\LPR2\LPR2\x64\Debug\link.6876-cvtres.read.1.tlog
C:\Users\ASUS A450LCI5 64\Documents\Visual Studio 2012\Projects\LPR2\LPR2\x64\Debug\link.6876-cvtres.write.1.tlog
C:\Users\ASUS A450LCI5 64\Documents\Visual Studio 2012\Projects\LPR2\LPR2\x64\Debug\link.6876-rc.read.1.tlog
C:\Users\ASUS A450LCI5 64\Documents\Visual Studio 2012\Projects\LPR2\LPR2\x64\Debug\link.6876-rc.write.1.tlog
C:\Users\ASUS A450LCI5 64\Documents\Visual Studio 2012\Projects\LPR2\LPR2\x64\Debug\link.6876.read.1.tlog
C:\Users\ASUS A450LCI5 64\Documents\Visual Studio 2012\Projects\LPR2\LPR2\x64\Debug\link.6876.write.1.tlog
C:\Users\ASUS A450LCI5 64\Documents\Visual Studio 2012\Projects\LPR2\LPR2\x64\Debug\link.6924-cvtres.read.1.tlog
C:\Users\ASUS A450LCI5 64\Documents\Visual Studio 2012\Projects\LPR2\LPR2\x64\Debug\link.6924-cvtres.write.1.tlog
C:\Users\ASUS A450LCI5 64\Documents\Visual Studio 2012\Projects\LPR2\LPR2\x64\Debug\link.6924-rc.read.1.tlog
C:\Users\ASUS A450LCI5 64\Documents\Visual Studio 2012\Projects\LPR2\LPR2\x64\Debug\link.6924-rc.write.1.tlog
C:\Users\ASUS A450LCI5 64\Documents\Visual Studio 2012\Projects\LPR2\LPR2\x64\Debug\link.6924.read.1.tlog
C:\Users\ASUS A450LCI5 64\Documents\Visual Studio 2012\Projects\LPR2\LPR2\x64\Debug\link.6924.write.1.tlog
C:\Users\ASUS A450LCI5 64\Documents\Visual Studio 2012\Projects\LPR2\LPR2\x64\Debug\link.6932-cvtres.read.1.tlog
C:\Users\ASUS A450LCI5 64\Documents\Visual Studio 2012\Projects\LPR2\LPR2\x64\Debug\link.6932-cvtres.write.1.tlog
C:\Users\ASUS A450LCI5 64\Documents\Visual Studio 2012\Projects\LPR2\LPR2\x64\Debug\link.6932-rc.read.1.tlog
C:\Users\ASUS A450LCI5 64\Documents\Visual Studio 2012\Projects\LPR2\LPR2\x64\Debug\link.6932-rc.write.1.tlog
C:\Users\ASUS A450LCI5 64\Documents\Visual Studio 2012\Projects\LPR2\LPR2\x64\Debug\link.6932.read.1.tlog
C:\Users\ASUS A450LCI5 64\Documents\Visual Studio 2012\Projects\LPR2\LPR2\x64\Debug\link.6932.write.1.tlog
C:\Users\ASUS A450LCI5 64\Documents\Visual Studio 2012\Projects\LPR2\LPR2\x64\Debug\link.7240-cvtres.read.1.tlog
C:\Users\ASUS A450LCI5 64\Documents\Visual Studio 2012\Projects\LPR2\LPR2\x64\Debug\link.7240-cvtres.write.1.tlog
C:\Users\ASUS A450LCI5 64\Documents\Visual Studio 2012\Projects\LPR2\LPR2\x64\Debug\link.7240-rc.read.1.tlog
C:\Users\ASUS A450LCI5 64\Documents\Visual Studio 2012\Projects\LPR2\LPR2\x64\Debug\link.7240-rc.write.1.tlog
C:\Users\ASUS A450LCI5 64\Documents\Visual Studio 2012\Projects\LPR2\LPR2\x64\Debug\link.7240.read.1.tlog
C:\Users\ASUS A450LCI5 64\Documents\Visual Studio 2012\Projects\LPR2\LPR2\x64\Debug\link.7240.write.1.tlog
C:\Users\ASUS A450LCI5 64\Documents\Visual Studio 2012\Projects\LPR2\LPR2\x64\Debug\link.7352-cvtres.read.1.tlog
C:\Users\ASUS A450LCI5 64\Documents\Visual Studio 2012\Projects\LPR2\LPR2\x64\Debug\link.7352-cvtres.write.1.tlog
C:\Users\ASUS A450LCI5 64\Documents\Visual Studio 2012\Projects\LPR2\LPR2\x64\Debug\link.7352-rc.read.1.tlog
C:\Users\ASUS A450LCI5 64\Documents\Visual Studio 2012\Projects\LPR2\LPR2\x64\Debug\link.7352-rc.write.1.tlog
C:\Users\ASUS A450LCI5 64\Documents\Visual Studio 2012\Projects\LPR2\LPR2\x64\Debug\link.7352.read.1.tlog
C:\Users\ASUS A450LCI5 64\Documents\Visual Studio 2012\Projects\LPR2\LPR2\x64\Debug\link.7352.write.1.tlog
C:\Users\ASUS A450LCI5 64\Documents\Visual Studio 2012\Projects\LPR2\LPR2\x64\Debug\link.7420-cvtres.read.1.tlog
C:\Users\ASUS A450LCI5 64\Documents\Visual Studio 2012\Projects\LPR2\LPR2\x64\Debug\link.7420-cvtres.write.1.tlog
C:\Users\ASUS A450LCI5 64\Documents\Visual Studio 2012\Projects\LPR2\LPR2\x64\Debug\link.7420-rc.read.1.tlog
C:\Users\ASUS A450LCI5 64\Documents\Visual Studio 2012\Projects\LPR2\LPR2\x64\Debug\link.7420-rc.write.1.tlog
C:\Users\ASUS A450LCI5 64\Documents\Visual Studio 2012\Projects\LPR2\LPR2\x64\Debug\link.7420.read.1.tlog
C:\Users\ASUS A450LCI5 64\Documents\Visual Studio 2012\Projects\LPR2\LPR2\x64\Debug\link.7420.write.1.tlog
C:\Users\ASUS A450LCI5 64\Documents\Visual Studio 2012\Projects\LPR2\LPR2\x64\Debug\link.7480-cvtres.read.1.tlog
C:\Users\ASUS A450LCI5 64\Documents\Visual Studio 2012\Projects\LPR2\LPR2\x64\Debug\link.7480-cvtres.write.1.tlog
C:\Users\ASUS A450LCI5 64\Documents\Visual Studio 2012\Projects\LPR2\LPR2\x64\Debug\link.7480-rc.read.1.tlog
C:\Users\ASUS A450LCI5 64\Documents\Visual Studio 2012\Projects\LPR2\LPR2\x64\Debug\link.7480-rc.write.1.tlog
C:\Users\ASUS A450LCI5 64\Documents\Visual Studio 2012\Projects\LPR2\LPR2\x64\Debug\link.7480.read.1.tlog
C:\Users\ASUS A450LCI5 64\Documents\Visual Studio 2012\Projects\LPR2\LPR2\x64\Debug\link.7480.write.1.tlog
C:\Users\ASUS A450LCI5 64\Documents\Visual Studio 2012\Projects\LPR2\LPR2\x64\Debug\link.7672-cvtres.read.1.tlog
C:\Users\ASUS A450LCI5 64\Documents\Visual Studio 2012\Projects\LPR2\LPR2\x64\Debug\link.7672-cvtres.write.1.tlog
C:\Users\ASUS A450LCI5 64\Documents\Visual Studio 2012\Projects\LPR2\LPR2\x64\Debug\link.7672-rc.read.1.tlog
C:\Users\ASUS A450LCI5 64\Documents\Visual Studio 2012\Projects\LPR2\LPR2\x64\Debug\link.7672-rc.write.1.tlog
C:\Users\ASUS A450LCI5 64\Documents\Visual Studio 2012\Projects\LPR2\LPR2\x64\Debug\link.7672.read.1.tlog
C:\Users\ASUS A450LCI5 64\Documents\Visual Studio 2012\Projects\LPR2\LPR2\x64\Debug\link.7672.write.1.tlog
C:\Users\ASUS A450LCI5 64\Documents\Visual Studio 2012\Projects\LPR2\LPR2\x64\Debug\link.7976-cvtres.read.1.tlog
C:\Users\ASUS A450LCI5 64\Documents\Visual Studio 2012\Projects\LPR2\LPR2\x64\Debug\link.7976-cvtres.write.1.tlog
C:\Users\ASUS A450LCI5 64\Documents\Visual Studio 2012\Projects\LPR2\LPR2\x64\Debug\link.7976-rc.read.1.tlog
C:\Users\ASUS A450LCI5 64\Documents\Visual Studio 2012\Projects\LPR2\LPR2\x64\Debug\link.7976-rc.write.1.tlog
C:\Users\ASUS A450LCI5 64\Documents\Visual Studio 2012\Projects\LPR2\LPR2\x64\Debug\link.7976.read.1.tlog
C:\Users\ASUS A450LCI5 64\Documents\Visual Studio 2012\Projects\LPR2\LPR2\x64\Debug\link.7976.write.1.tlog
C:\Users\ASUS A450LCI5 64\Documents\Visual Studio 2012\Projects\LPR2\LPR2\x64\Debug\link.8020-cvtres.read.1.tlog
C:\Users\ASUS A450LCI5 64\Documents\Visual Studio 2012\Projects\LPR2\LPR2\x64\Debug\link.8020-cvtres.write.1.tlog
C:\Users\ASUS A450LCI5 64\Documents\Visual Studio 2012\Projects\LPR2\LPR2\x64\Debug\link.8020-rc.read.1.tlog
C:\Users\ASUS A450LCI5 64\Documents\Visual Studio 2012\Projects\LPR2\LPR2\x64\Debug\link.8020-rc.write.1.tlog
C:\Users\ASUS A450LCI5 64\Documents\Visual Studio 2012\Projects\LPR2\LPR2\x64\Debug\link.8020.read.1.tlog
C:\Users\ASUS A450LCI5 64\Documents\Visual Studio 2012\Projects\LPR2\LPR2\x64\Debug\link.8020.write.1.tlog
C:\Users\ASUS A450LCI5 64\Documents\Visual Studio 2012\Projects\LPR2\LPR2\x64\Debug\link.8056-cvtres.read.1.tlog
C:\Users\ASUS A450LCI5 64\Documents\Visual Studio 2012\Projects\LPR2\LPR2\x64\Debug\link.8056-cvtres.write.1.tlog
C:\Users\ASUS A450LCI5 64\Documents\Visual Studio 2012\Projects\LPR2\LPR2\x64\Debug\link.8056-rc.read.1.tlog
C:\Users\ASUS A450LCI5 64\Documents\Visual Studio 2012\Projects\LPR2\LPR2\x64\Debug\link.8056-rc.write.1.tlog
C:\Users\ASUS A450LCI5 64\Documents\Visual Studio 2012\Projects\LPR2\LPR2\x64\Debug\link.8056.read.1.tlog
C:\Users\ASUS A450LCI5 64\Documents\Visual Studio 2012\Projects\LPR2\LPR2\x64\Debug\link.8056.write.1.tlog
C:\Users\ASUS A450LCI5 64\Documents\Visual Studio 2012\Projects\LPR2\LPR2\x64\Debug\link.8068-cvtres.read.1.tlog
C:\Users\ASUS A450LCI5 64\Documents\Visual Studio 2012\Projects\LPR2\LPR2\x64\Debug\link.8068-cvtres.write.1.tlog
C:\Users\ASUS A450LCI5 64\Documents\Visual Studio 2012\Projects\LPR2\LPR2\x64\Debug\link.8068-rc.read.1.tlog
C:\Users\ASUS A450LCI5 64\Documents\Visual Studio 2012\Projects\LPR2\LPR2\x64\Debug\link.8068-rc.write.1.tlog
C:\Users\ASUS A450LCI5 64\Documents\Visual Studio 2012\Projects\LPR2\LPR2\x64\Debug\link.8068.read.1.tlog
C:\Users\ASUS A450LCI5 64\Documents\Visual Studio 2012\Projects\LPR2\LPR2\x64\Debug\link.8068.write.1.tlog
C:\Users\ASUS A450LCI5 64\Documents\Visual Studio 2012\Projects\LPR2\LPR2\x64\Debug\link.8824-cvtres.read.1.tlog
C:\Users\ASUS A450LCI5 64\Documents\Visual Studio 2012\Projects\LPR2\LPR2\x64\Debug\link.8824-cvtres.write.1.tlog
C:\Users\ASUS A450LCI5 64\Documents\Visual Studio 2012\Projects\LPR2\LPR2\x64\Debug\link.8824-rc.read.1.tlog
C:\Users\ASUS A450LCI5 64\Documents\Visual Studio 2012\Projects\LPR2\LPR2\x64\Debug\link.8824-rc.write.1.tlog
C:\Users\ASUS A450LCI5 64\Documents\Visual Studio 2012\Projects\LPR2\LPR2\x64\Debug\link.8824.read.1.tlog
C:\Users\ASUS A450LCI5 64\Documents\Visual Studio 2012\Projects\LPR2\LPR2\x64\Debug\link.8824.write.1.tlog
C:\Users\ASUS A450LCI5 64\Documents\Visual Studio 2012\Projects\LPR2\LPR2\x64\Debug\link.9148-cvtres.read.1.tlog
C:\Users\ASUS A450LCI5 64\Documents\Visual Studio 2012\Projects\LPR2\LPR2\x64\Debug\link.9148-cvtres.write.1.tlog
C:\Users\ASUS A450LCI5 64\Documents\Visual Studio 2012\Projects\LPR2\LPR2\x64\Debug\link.9148-rc.read.1.tlog
C:\Users\ASUS A450LCI5 64\Documents\Visual Studio 2012\Projects\LPR2\LPR2\x64\Debug\link.9148-rc.write.1.tlog
C:\Users\ASUS A450LCI5 64\Documents\Visual Studio 2012\Projects\LPR2\LPR2\x64\Debug\link.9148.read.1.tlog
C:\Users\ASUS A450LCI5 64\Documents\Visual Studio 2012\Projects\LPR2\LPR2\x64\Debug\link.9148.write.1.tlog
C:\Users\ASUS A450LCI5 64\Documents\Visual Studio 2012\Projects\LPR2\LPR2\x64\Debug\link.command.1.tlog
C:\Users\ASUS A450LCI5 64\Documents\Visual Studio 2012\Projects\LPR2\LPR2\x64\Debug\link.read.1.tlog
C:\Users\ASUS A450LCI5 64\Documents\Visual Studio 2012\Projects\LPR2\LPR2\x64\Debug\link.write.1.tlog
C:\Users\ASUS A450LCI5 64\Documents\Visual Studio 2012\Projects\LPR2\LPR2\x64\Debug\LPR2.pch
C:\Users\ASUS A450LCI5 64\Documents\Visual Studio 2012\Projects\LPR2\LPR2\x64\Debug\PlateRecognition.pch
C:\Users\ASUS A450LCI5 64\Documents\Visual Studio 2012\Projects\LPR2\LPR2\x64\Debug\vc110.idb
C:\Users\ASUS A450LCI5 64\Documents\Visual Studio 2012\Projects\LPR2\LPR2\x64\Debug\vc110.pdb
C:\Users\ASUS A450LCI5 64\Documents\Visual Studio 2012\Projects\LPR2\x64\Debug\PlateRecognition.pdb
C:\Users\ASUS A450LCI5 64\Documents\Visual Studio 2012\Projects\LPR2\x64\Debug\PlateRecognition.exe
C:\Users\ASUS A450LCI5 64\Documents\Visual Studio 2012\Projects\LPR2\x64\Debug\PlateRecognition.ilk
